2024-04-19 11:36:48,787 - INFO - Args in experiment:
2024-04-19 11:36:48,788 - INFO - Namespace(task_name='long_term_forecast', is_training=1, model_id='crime_24_(6)', model='Relateformer', data='crime-reindex', root_path='/fs03/ar57/xinz/HTSFB_project/HTSFB_datasets/self/CrimeChicago/region/', data_path='Crimes-2001_2023.csv', data_topk_path='/fs03/ar57/xinz/HTSFB_project/HTSFB_datasets/self/CrimeChicago/region/top-k-train/matrix_rank_train_crime1.npy', output_path='/fs03/ar57/xinz/HTSFB_project/HTSFB_output/', features='M', target='OT', freq='m', checkpoints='/fs03/ar57/xinz/HTSFB_project/HTSFB_output/checkpoints/', k=16, seq_len=24, label_len=6, pred_len=6, seasonal_patterns='Monthly', seasonality=6, inverse=False, mask_rate=0.25, anomaly_ratio=0.25, patch_len=12, patch_stride=6, top_k=5, num_kernels=6, enc_in=1155, dec_in=-1, c_out=-1, d_model=256, n_heads=4, e_layers=1, d_layers=1, d_ff=384, moving_avg=25, factor=3, distil=True, dropout=0.6, embed='timeF', activation='gelu', output_attention=False, num_workers=10, itr=1, train_epochs=100, batch_size=128, patience=3, delta=1e-07, learning_rate=0.001, des='Exp', loss='MSE', lr_adj='type2', use_amp=False, use_gpu=False, gpu=0, use_multi_gpu=False, devices='0', p_hidden_dims=[128, 128], p_hidden_layers=2, current_time='2024-04-19-11-36-48', logger=<utils.log.Logger object at 0x7f969215cf10>)
2024-04-19 11:36:53,391 - INFO - >>>>>>>start training : long_term_forecast_Relateformer_crime_24_(6)_crime-reindex_ftM_sl24_ll6_pl6_dm256_nh4_el1_dl1_df384_fc3_ebtimeF_dtTrue_Exp_0_2024-04-19-11-36-48>>>>>>>>>>>>>>>>>>>>>>>>>>
2024-04-19 11:36:58,140 - INFO - train: 176715
2024-04-19 11:37:00,334 - INFO - val: 24255
2024-04-19 11:37:02,612 - INFO - test: 54285
2024-04-19 11:38:13,842 - INFO - 	iters: 100, epoch: 1 | loss: 0.6624376
2024-04-19 11:38:13,843 - INFO - 	speed: 0.7123s/iter; left time: 98226.5568s
2024-04-19 11:39:07,463 - INFO - 	iters: 200, epoch: 1 | loss: 0.5746994
2024-04-19 11:39:07,463 - INFO - 	speed: 0.5362s/iter; left time: 73889.5038s
2024-04-19 11:40:01,120 - INFO - 	iters: 300, epoch: 1 | loss: 0.5187703
2024-04-19 11:40:01,121 - INFO - 	speed: 0.5366s/iter; left time: 73886.5740s
2024-04-19 11:40:54,804 - INFO - 	iters: 400, epoch: 1 | loss: 0.4397440
2024-04-19 11:40:54,804 - INFO - 	speed: 0.5368s/iter; left time: 73869.2704s
2024-04-19 11:41:48,540 - INFO - 	iters: 500, epoch: 1 | loss: 0.5747599
2024-04-19 11:41:48,540 - INFO - 	speed: 0.5374s/iter; left time: 73887.6915s
2024-04-19 11:42:42,354 - INFO - 	iters: 600, epoch: 1 | loss: 0.5262502
2024-04-19 11:42:42,355 - INFO - 	speed: 0.5381s/iter; left time: 73940.9737s
2024-04-19 11:43:36,113 - INFO - 	iters: 700, epoch: 1 | loss: 0.5071630
2024-04-19 11:43:36,113 - INFO - 	speed: 0.5376s/iter; left time: 73810.8227s
2024-04-19 11:44:29,997 - INFO - 	iters: 800, epoch: 1 | loss: 0.4270433
2024-04-19 11:44:29,998 - INFO - 	speed: 0.5388s/iter; left time: 73930.3156s
2024-04-19 11:45:23,725 - INFO - 	iters: 900, epoch: 1 | loss: 0.5797858
2024-04-19 11:45:23,725 - INFO - 	speed: 0.5373s/iter; left time: 73660.9966s
2024-04-19 11:46:17,436 - INFO - 	iters: 1000, epoch: 1 | loss: 0.5392296
2024-04-19 11:46:17,436 - INFO - 	speed: 0.5371s/iter; left time: 73584.2259s
2024-04-19 11:47:11,106 - INFO - 	iters: 1100, epoch: 1 | loss: 0.5238709
2024-04-19 11:47:11,107 - INFO - 	speed: 0.5367s/iter; left time: 73475.5870s
2024-04-19 11:48:04,781 - INFO - 	iters: 1200, epoch: 1 | loss: 0.5827491
2024-04-19 11:48:04,787 - INFO - 	speed: 0.5368s/iter; left time: 73434.7925s
2024-04-19 11:48:58,597 - INFO - 	iters: 1300, epoch: 1 | loss: 0.5624918
2024-04-19 11:48:58,597 - INFO - 	speed: 0.5381s/iter; left time: 73559.1346s
2024-04-19 11:49:41,907 - INFO - Epoch: 1 cost time: 759.2931559085846
2024-04-19 11:50:09,116 - INFO - vali shape: (24255, 6), (24255, 6)
2024-04-19 11:50:09,255 - INFO - 0.3215, 0.3960, 0.6063, 0.5670, inf, inf, 44.3605, 0.5276, 50.1516, 0.3685, 0.0235
2024-04-19 11:51:06,869 - INFO - vali shape: (54285, 6), (54285, 6)
2024-04-19 11:51:07,120 - INFO - 0.6390, 0.4667, 0.6985, 0.7993, inf, inf, 84.9272, 0.6029, 46.8345, 0.3521, 0.0281
2024-04-19 11:51:07,122 - INFO - Epoch: 1, Steps: 1380 | Train Loss: 0.5416734 Vali Loss: 0.3211230 Test Loss: 0.6378022
2024-04-19 11:51:07,122 - INFO - Validation loss decreased (inf --> 0.321123).  Saving model ...
2024-04-19 11:52:13,565 - INFO - 	iters: 100, epoch: 2 | loss: 0.5083230
2024-04-19 11:52:13,565 - INFO - 	speed: 1.9497s/iter; left time: 266172.0155s
2024-04-19 11:53:14,302 - INFO - 	iters: 200, epoch: 2 | loss: 0.5815986
2024-04-19 11:53:14,302 - INFO - 	speed: 0.6074s/iter; left time: 82857.7203s
2024-04-19 11:54:29,027 - INFO - 	iters: 300, epoch: 2 | loss: 0.4704268
2024-04-19 11:54:29,028 - INFO - 	speed: 0.7473s/iter; left time: 101866.9218s
2024-04-19 11:55:54,512 - INFO - 	iters: 400, epoch: 2 | loss: 0.4830432
2024-04-19 11:55:54,512 - INFO - 	speed: 0.8548s/iter; left time: 116447.6487s
2024-04-19 11:57:09,700 - INFO - 	iters: 500, epoch: 2 | loss: 0.5071526
2024-04-19 11:57:09,700 - INFO - 	speed: 0.7519s/iter; left time: 102345.6812s
