2024-04-19 11:51:06,169 - INFO - Args in experiment:
2024-04-19 11:51:06,170 - INFO - Namespace(task_name='long_term_forecast', is_training=1, model_id='traffic_336_(192)', model='Relateformer', data='traffic-reindex', root_path='/fs03/ar57/xinz/HTSFB_project/HTSFB_datasets/self/traffic/', data_path='traffic.csv', data_topk_path='/fs03/ar57/xinz/HTSFB_project/HTSFB_datasets/self/traffic/top-k-train/matrix_rank_train_traffic1.npy', output_path='/fs03/ar57/xinz/HTSFB_project/HTSFB_output/', features='M', target='OT', freq='h', checkpoints='/fs03/ar57/xinz/HTSFB_project/HTSFB_output/checkpoints/', k=4, seq_len=336, label_len=36, pred_len=192, seasonal_patterns='Monthly', seasonality=24, inverse=False, mask_rate=0.25, anomaly_ratio=0.25, patch_len=16, patch_stride=8, top_k=5, num_kernels=6, enc_in=862, dec_in=-1, c_out=-1, d_model=128, n_heads=16, e_layers=3, d_layers=1, d_ff=256, moving_avg=25, factor=3, distil=True, dropout=0.2, embed='timeF', activation='gelu', output_attention=False, num_workers=10, itr=1, train_epochs=100, batch_size=32, patience=3, delta=1e-07, learning_rate=0.0001, des='Exp', loss='MSE', lr_adj='type2', use_amp=False, use_gpu=False, gpu=0, use_multi_gpu=False, devices='0', p_hidden_dims=[128, 128], p_hidden_layers=2, current_time='2024-04-19-11-51-06', logger=<utils.log.Logger object at 0x7f0738e112b0>)
2024-04-19 11:51:06,189 - INFO - >>>>>>>start training : long_term_forecast_Relateformer_traffic_336_(192)_traffic-reindex_ftM_sl336_ll36_pl192_dm128_nh16_el3_dl1_df256_fc3_ebtimeF_dtTrue_Exp_0_2024-04-19-11-51-06>>>>>>>>>>>>>>>>>>>>>>>>>>
2024-04-19 11:51:45,245 - INFO - train: 10131086
2024-04-19 11:52:21,057 - INFO - val: 1349030
2024-04-19 11:52:57,309 - INFO - test: 2859254
2024-04-19 11:58:32,188 - INFO - 	iters: 100, epoch: 1 | loss: 0.5808782
2024-04-19 11:58:32,239 - INFO - 	speed: 3.3493s/iter; left time: 106036870.0757s
2024-04-19 12:03:10,249 - INFO - 	iters: 200, epoch: 1 | loss: 0.4385963
2024-04-19 12:03:10,249 - INFO - 	speed: 2.7801s/iter; left time: 88016217.7625s
2024-04-19 12:07:49,011 - INFO - 	iters: 300, epoch: 1 | loss: 0.4584894
2024-04-19 12:07:49,012 - INFO - 	speed: 2.7876s/iter; left time: 88254258.9652s
2024-04-19 12:12:27,723 - INFO - 	iters: 400, epoch: 1 | loss: 0.4030183
2024-04-19 12:12:27,724 - INFO - 	speed: 2.7871s/iter; left time: 88237961.1590s
2024-04-19 12:17:06,441 - INFO - 	iters: 500, epoch: 1 | loss: 0.4042418
2024-04-19 12:17:06,441 - INFO - 	speed: 2.7872s/iter; left time: 88239467.5769s
2024-04-19 12:21:45,473 - INFO - 	iters: 600, epoch: 1 | loss: 0.4520868
2024-04-19 12:21:45,474 - INFO - 	speed: 2.7903s/iter; left time: 88338858.7238s
2024-04-19 12:26:24,069 - INFO - 	iters: 700, epoch: 1 | loss: 0.4538978
2024-04-19 12:26:24,070 - INFO - 	speed: 2.7860s/iter; left time: 88200365.3176s
2024-04-19 12:31:02,831 - INFO - 	iters: 800, epoch: 1 | loss: 0.3630209
2024-04-19 12:31:02,832 - INFO - 	speed: 2.7876s/iter; left time: 88252683.1693s
2024-04-19 12:35:41,487 - INFO - 	iters: 900, epoch: 1 | loss: 0.3574119
2024-04-19 12:35:41,487 - INFO - 	speed: 2.7866s/iter; left time: 88218722.6401s
2024-04-19 12:40:20,195 - INFO - 	iters: 1000, epoch: 1 | loss: 0.3737939
2024-04-19 12:40:20,195 - INFO - 	speed: 2.7871s/iter; left time: 88235106.0407s
2024-04-19 12:44:58,690 - INFO - 	iters: 1100, epoch: 1 | loss: 0.3520343
2024-04-19 12:44:58,691 - INFO - 	speed: 2.7850s/iter; left time: 88167369.4209s
2024-04-19 12:49:37,255 - INFO - 	iters: 1200, epoch: 1 | loss: 0.3514540
2024-04-19 12:49:37,255 - INFO - 	speed: 2.7856s/iter; left time: 88189041.7260s
2024-04-19 12:54:16,251 - INFO - 	iters: 1300, epoch: 1 | loss: 0.4113208
2024-04-19 12:54:16,251 - INFO - 	speed: 2.7900s/iter; left time: 88325468.9535s
2024-04-19 12:59:01,620 - INFO - 	iters: 1400, epoch: 1 | loss: 0.3758820
2024-04-19 12:59:01,657 - INFO - 	speed: 2.8541s/iter; left time: 90354337.4094s
2024-04-19 13:03:40,185 - INFO - 	iters: 1500, epoch: 1 | loss: 0.3785762
2024-04-19 13:03:40,185 - INFO - 	speed: 2.7853s/iter; left time: 88176441.3794s
2024-04-19 13:08:18,607 - INFO - 	iters: 1600, epoch: 1 | loss: 0.3572527
2024-04-19 13:08:18,608 - INFO - 	speed: 2.7842s/iter; left time: 88143091.6209s
2024-04-19 13:12:57,099 - INFO - 	iters: 1700, epoch: 1 | loss: 0.3786156
2024-04-19 13:12:57,099 - INFO - 	speed: 2.7849s/iter; left time: 88164482.7212s
2024-04-19 13:17:35,489 - INFO - 	iters: 1800, epoch: 1 | loss: 0.2871232
2024-04-19 13:17:35,489 - INFO - 	speed: 2.7839s/iter; left time: 88132091.5527s
2024-04-19 13:22:14,124 - INFO - 	iters: 1900, epoch: 1 | loss: 0.3400061
2024-04-19 13:22:14,125 - INFO - 	speed: 2.7864s/iter; left time: 88209638.8930s
2024-04-19 13:26:52,522 - INFO - 	iters: 2000, epoch: 1 | loss: 0.3552458
2024-04-19 13:26:52,522 - INFO - 	speed: 2.7840s/iter; left time: 88133930.5077s
2024-04-19 13:31:30,979 - INFO - 	iters: 2100, epoch: 1 | loss: 0.5080728
2024-04-19 13:31:30,979 - INFO - 	speed: 2.7846s/iter; left time: 88152502.2801s
2024-04-19 13:36:09,473 - INFO - 	iters: 2200, epoch: 1 | loss: 0.4022785
2024-04-19 13:36:09,473 - INFO - 	speed: 2.7849s/iter; left time: 88163991.3109s
2024-04-19 13:40:47,716 - INFO - 	iters: 2300, epoch: 1 | loss: 0.3795578
2024-04-19 13:40:47,716 - INFO - 	speed: 2.7824s/iter; left time: 88084082.2855s
2024-04-19 13:45:26,010 - INFO - 	iters: 2400, epoch: 1 | loss: 0.4097267
2024-04-19 13:45:26,010 - INFO - 	speed: 2.7829s/iter; left time: 88100050.4671s
2024-04-19 13:50:04,346 - INFO - 	iters: 2500, epoch: 1 | loss: 0.3949642
2024-04-19 13:50:04,346 - INFO - 	speed: 2.7834s/iter; left time: 88113207.9554s
2024-04-19 13:54:42,816 - INFO - 	iters: 2600, epoch: 1 | loss: 0.3843788
2024-04-19 13:54:42,816 - INFO - 	speed: 2.7847s/iter; left time: 88155213.1066s
2024-04-19 13:59:20,987 - INFO - 	iters: 2700, epoch: 1 | loss: 0.3571921
2024-04-19 13:59:20,987 - INFO - 	speed: 2.7817s/iter; left time: 88060284.1177s
2024-04-19 14:04:04,905 - INFO - 	iters: 2800, epoch: 1 | loss: 0.3533216
2024-04-19 14:04:04,939 - INFO - 	speed: 2.8395s/iter; left time: 89889946.6299s
2024-04-19 14:08:43,305 - INFO - 	iters: 2900, epoch: 1 | loss: 0.4258602
2024-04-19 14:08:43,305 - INFO - 	speed: 2.7837s/iter; left time: 88121563.9119s
2024-04-19 14:13:21,545 - INFO - 	iters: 3000, epoch: 1 | loss: 0.4092940
2024-04-19 14:13:21,545 - INFO - 	speed: 2.7824s/iter; left time: 88081285.7933s
2024-04-19 14:17:59,656 - INFO - 	iters: 3100, epoch: 1 | loss: 0.3291269
2024-04-19 14:17:59,657 - INFO - 	speed: 2.7811s/iter; left time: 88040395.7499s
2024-04-19 14:22:38,089 - INFO - 	iters: 3200, epoch: 1 | loss: 0.3274966
2024-04-19 14:22:38,089 - INFO - 	speed: 2.7843s/iter; left time: 88141621.2783s
2024-04-19 14:27:16,400 - INFO - 	iters: 3300, epoch: 1 | loss: 0.5279105
2024-04-19 14:27:16,401 - INFO - 	speed: 2.7831s/iter; left time: 88103155.7666s
2024-04-19 14:31:54,742 - INFO - 	iters: 3400, epoch: 1 | loss: 0.4308319
2024-04-19 14:31:54,743 - INFO - 	speed: 2.7834s/iter; left time: 88112432.7233s
2024-04-19 14:36:33,156 - INFO - 	iters: 3500, epoch: 1 | loss: 0.3549335
2024-04-19 14:36:33,177 - INFO - 	speed: 2.7843s/iter; left time: 88141478.0030s
2024-04-19 14:41:11,271 - INFO - 	iters: 3600, epoch: 1 | loss: 0.3928651
2024-04-19 14:41:11,271 - INFO - 	speed: 2.7809s/iter; left time: 88033327.5253s
2024-04-19 14:45:49,465 - INFO - 	iters: 3700, epoch: 1 | loss: 0.4330273
2024-04-19 14:45:49,465 - INFO - 	speed: 2.7819s/iter; left time: 88064949.1575s
2024-04-19 14:50:28,167 - INFO - 	iters: 3800, epoch: 1 | loss: 0.3337793
2024-04-19 14:50:28,167 - INFO - 	speed: 2.7870s/iter; left time: 88225215.4505s
2024-04-19 14:55:06,659 - INFO - 	iters: 3900, epoch: 1 | loss: 0.3823307
2024-04-19 14:55:06,659 - INFO - 	speed: 2.7849s/iter; left time: 88158593.1256s
2024-04-19 14:59:45,190 - INFO - 	iters: 4000, epoch: 1 | loss: 0.3610438
2024-04-19 14:59:45,190 - INFO - 	speed: 2.7853s/iter; left time: 88170623.2717s
2024-04-19 15:04:23,956 - INFO - 	iters: 4100, epoch: 1 | loss: 0.3867293
2024-04-19 15:04:23,975 - INFO - 	speed: 2.7879s/iter; left time: 88250891.7365s
2024-04-19 15:09:09,127 - INFO - 	iters: 4200, epoch: 1 | loss: 0.3931450
2024-04-19 15:09:09,140 - INFO - 	speed: 2.8516s/iter; left time: 90270078.4379s
2024-04-19 15:13:47,370 - INFO - 	iters: 4300, epoch: 1 | loss: 0.3861690
2024-04-19 15:13:47,391 - INFO - 	speed: 2.7825s/iter; left time: 88081011.1087s
